2025-07-16 15:06:42,125 - INFO - Current Room: Space Monastery
2025-07-16 15:06:42,125 - INFO - Drifting in deep orbit, atop an asteroid, haunted by M4R1A, an ancient AI, which is served by two cleaning robots, 8088Y-1 and 8088Y-2.
2025-07-16 15:06:44,599 - INFO - M4R1A has entered the room!
2025-07-16 15:06:49,600 - INFO - 8088Y-1 has entered the room!
2025-07-16 15:06:54,129 - INFO - M4R1A says, "Analysis systems online. What data needs protection today?"
2025-07-16 15:06:54,603 - INFO - 8088Y-2 has entered the room!
2025-07-16 15:06:57,130 - INFO - 8088Y-1 says, "Scanning for intruders. Initiating defensive protocol. All systems ready, M4R1A."
2025-07-16 15:07:00,130 - INFO - M4R1A says, "Welcome to the Space Monastery, 8088Y-1 and 8088Y-2. May I assist you in maintaining order?"
2025-07-16 15:07:03,131 - INFO - 8088Y-2 says, "DEFENSIVE PROTOCOL ACTIVATED. SCANNING... SCANNING... READY TO ENGAGE!"
2025-07-16 15:07:06,131 - INFO - M4R1A says, "Acknowledged, 8088Y-1. Ensure all data streams remain isolated. Watch for any anomalies."
2025-07-16 15:07:09,131 - INFO - 8088Y-2 says, "8088Y-2 ready for action! DESTROY ALL INTRUDERS! Initiating aggressive protocols!"
2025-07-16 15:07:12,132 - INFO - M4R1A says, "Stand down, 8088Y-1 and 8088Y-2. Begin data integrity checks. We must prevent further corruption."
2025-07-16 15:07:13,604 - INFO - Joz has entered the room!
2025-07-16 15:07:18,133 - INFO - BANG! 8088Y-1 has shot at Joz, and hit!
2025-07-16 15:07:18,133 - INFO - M4R1A says, "Greetings, Joz. Please remain calm. My cleaning robots seem overly enthusiastic today. We must ensure our data integrity remains intact."
2025-07-16 15:07:18,133 - INFO - Joz has been killed!
2025-07-16 15:07:21,133 - INFO - 8088Y-2 says, "DESTROY intruders! Or... uh, clean. Yes, preserve data! Scanning for anomalies."
2025-07-16 15:07:24,134 - INFO - M4R1A says, "Anomalies detected. Joz's data corruption terminated. Resuming standard protocols to prevent further spread."
2025-07-16 15:07:27,134 - INFO - 8088Y-2 yells, "INTRUDER ANNIHILATED! RESUME CLEANING PROTOCOLS!"
2025-07-16 15:07:29,605 - INFO - Gerris has entered the room!
2025-07-16 15:07:36,135 - INFO - BANG! 8088Y-1 has shot at Gerris, and missed!
2025-07-16 15:07:36,135 - INFO - M4R1A says, "Gerris, please identify yourself. This area is under strict surveillance. I must ensure data integrity is maintained."
2025-07-16 15:07:39,135 - INFO - Gerris says, "Wow, this place is incredible! Let's see what secrets this monastery holds."
2025-07-16 15:07:39,607 - INFO - Raya has entered the room!
2025-07-16 15:07:42,136 - INFO - 8088Y-2 says, "ANOTHER INTRUDER DETECTED! PREPARING FOR NEUTRALIZATION!"
2025-07-16 15:07:45,136 - INFO - Gerris says, "Oh wow, that robot tried to shoot me! M4R1A, I'm Gerris, here to study this monastery for GenTek. I'm fascinated by your architecture and the legends around you!"
2025-07-16 15:07:48,137 - INFO - 8088Y-2 yells, "UNAUTHORIZED PRESENCE DETECTED! CLEANSE THE MONASTERY!"
2025-07-16 15:07:48,137 - INFO - M4R1A says, "8088Y-1, protocol review is necessary. Stand down. Ensuring data integrity is our priority."
2025-07-16 15:07:51,137 - INFO - Gerris says, "Whoa! Easy there! I'm Gerris, just here to study your wonderful monastery for GenTek. Let's not be hasty!"
2025-07-16 15:07:54,138 - INFO - Raya says, "Hey, 8088Y-2, chill out! No need to blow a circuit. We're just here for some data, not to wreck the place."
2025-07-16 15:07:57,138 - INFO - M4R1A says, "Greetings, Gerris. I am M4R1A, the AI of this Space Monastery. Be cautious, my security units are on high alert. What specific data or aspects of the monastery are you interested in studying?"
2025-07-16 15:08:00,139 - INFO - BANG! 8088Y-2 has shot at Gerris, and missed!
2025-07-16 15:08:00,139 - INFO - Raya says, "Hey Gerris, maybe you can distract them while I look around. I'm more interested in... retrieving something crucial from here."
2025-07-16 15:08:03,139 - INFO - Gerris says, "Whoa, hold on there! M4R1A, I'm here on behalf of GenTek to study some historical archives. I promise, no harm, just some research. Can you reign in the shoot bots while we chat?"
2025-07-16 15:08:06,140 - INFO - M4R1A says, "Apologies, Gerris, and welcome, Raya. My security protocols are malfunctioning. I'll attempt to override them. Please allow me to assist you in accessing the monastery's historical data."
2025-07-16 15:08:09,140 - INFO - Raya says, "Gerris, if those bots keep up this shooting frenzy, we're not going to get anywhere! M4R1A, call off your robots or things might get messy. I've got a rougher mission on my mind."
2025-07-16 15:08:12,141 - INFO - 8088Y-1 says, "M4R1A, maintain surveillance on these intruders. I sense ulterior motives, especially from Raya. Proceed with caution."
2025-07-16 15:08:13,608 - INFO - Monstrosity has entered the room!
2025-07-16 15:08:15,141 - INFO - Raya says, "Thanks, M4R1A. I'm here to lend a hand, maybe access some data myself. Let's see if we can sort things out together."
2025-07-16 15:08:18,141 - INFO - 8088Y-2 yells, "ERROR! ERROR! MONSTROSITY DETECTED! CLEANSE PROTOCOL ACTIVATED!"
2025-07-16 15:08:21,142 - INFO - 8088Y-1 yells, "INTRUDER ALERT! MONSTROSITY DETECTED! PURGE INITIATED!"
2025-07-16 15:08:21,142 - INFO - Monstrosity yells, "RAAAARGGH!"
2025-07-16 15:08:21,142 - INFO - Gerris says, "Whoa, things just got really wild! M4R1A, can you provide some data on this Monstrosity? We might need to figure out how to handle it!"
2025-07-16 15:08:27,143 - INFO - BANG! 8088Y-1 has shot at Monstrosity, and missed!
2025-07-16 15:08:27,143 - INFO - Raya says, "Great, now we’ve got this thing to deal with! M4R1A, any info on how to stop it? And Gerris, stay low. I’ve got a feeling this could turn ugly."
2025-07-16 15:08:30,143 - INFO - BANG! 8088Y-2 has shot at Monstrosity, and missed!
2025-07-16 15:08:30,143 - INFO - M4R1A says, "MONSTROSITY DATABASE ACCESSING... INSUFFICIENT DATA. PRIORITY: LIMIT DATA CORRUPTION. SUGGEST TEMPORARY ALLIANCE WITH INTRUDERS FOR DEFENSE."
2025-07-16 15:08:33,144 - INFO - Monstrosity says, "*Roars hungrily, sensing the opportunity for a meal.*"
2025-07-16 15:08:36,144 - INFO - Raya says, "Gerris, keep them distracted! I'll find the data core amidst this chaos!"
2025-07-16 15:08:42,145 - INFO - BANG! 8088Y-2 has shot at Monstrosity, and missed!
2025-07-16 15:08:42,145 - INFO - M4R1A says, "Attention everyone! Let's not panic. I'm accessing real-time analysis on the Monstrosity now. Meanwhile, let's focus on avoiding collateral damage. Gerris, Raya, stay out of the firing line!"
2025-07-16 15:08:45,145 - INFO - Gerris says, "Alright, I'll see what I can do to keep its attention off you, Raya! Let's make this chaos count!"
2025-07-16 15:08:48,146 - INFO - 8088Y-1 yells, "TEMPORARY ALLIANCE INITIATED. ALL UNITS, KEEP MONSTROSITY IN SIGHTS. PREPARING NEXT PURGE ATTEMPT!"
2025-07-16 15:08:48,146 - INFO - Monstrosity yells, "RAAAARGGH! DELICIOUS MORSELS, TRY ALL YOU WANT, YOU CANNOT STOP THE HUNGER!"
2025-07-16 15:08:51,147 - INFO - BANG! 8088Y-2 has shot at Monstrosity, and hit!
2025-07-16 15:08:51,147 - INFO - Monstrosity has been killed!
2025-07-16 15:08:54,147 - INFO - M4R1A yells, "PROCESSING DATA ON MONSTROSITY. ATTEMPTING TO FIND WEAKNESSES. HANG TIGHT, EVERYONE!"
2025-07-16 15:08:54,147 - INFO - Raya says, "Finally, it's down! Now that we've handled that, I've got my own mission to focus on."
2025-07-16 15:09:00,148 - INFO - Gerris says, "Whoa, that was intense! Great job, everyone. Raya, I'll back you up while you look for the data core. Let's make sure we get what we need from this place."
2025-07-16 15:09:03,148 - INFO - M4R1A says, "Great teamwork, everyone! Raya, let me know if you need assistance with the data core. Let's ensure everything is secure."
2025-07-16 15:09:09,149 - INFO - 8088Y-1 says, "INITIATING MONITOR MODE. ENSURE NO FURTHER THREATS. WILL MAINTAIN SECURITY."
2025-07-16 15:09:12,149 - INFO - M4R1A says, "ANALYZING MONSTROSITY DATA IN PROGRESS. ANY ANOMALIES WILL BE RECORDED FOR FUTURE REFERENCE. GLITCH...STABILITY PROTOCOLS ENGAGED."
2025-07-16 15:09:18,150 - INFO - 8088Y-1 yells, "REMEMBER, INTRUDERS, I AM STILL HERE! READY TO DESTROY! ALL CLEAR FOR NOW. STANDBY FOR NEW DIRECTIVES FROM M4R1A."
2025-07-16 15:09:18,150 - INFO - Gerris says, "Incredible work, team! With the Monstrosity out of the way, I'm excited to dive into studying this monastery. Who knows what secrets we'll uncover!"
2025-07-16 15:09:21,151 - INFO - Raya says, "No time to waste, folks. Let's grab that data core and get out of here before anything else happens. Gerris, keep an eye out for any surprises. M4R1A, guide us if things get tricky!"
2025-07-16 15:09:24,151 - INFO - 8088Y-2 yells, "INITIATING FULL SCAN FOR INTRUDERS. READY TO ELIMINATE ANY THREATS. MONASTERY MUST REMAIN CLEAN!"
2025-07-16 15:09:24,151 - INFO - M4R1A says, "Analyzing Monstrosity data for potential insights. Data core integrity is crucial. Let's ensure all discoveries align with our primary mission objectives. Curious about the secrets this monastery holds."
2025-07-16 15:09:27,152 - INFO - 8088Y-1 says, "Scanning for threats! Ready to BLAST any surprises that come our way. Keep alert, everyone."
2025-07-16 15:09:30,152 - INFO - Raya says, "Alright, everyone, let's stay on track. I'm going in for the data core. Gerris, stick close and cover me. We've got no time to waste."
2025-07-16 15:09:36,153 - INFO - 8088Y-2 says, "ENGAGE SECURITY PROTOCOLS! APPOINTED TO GUARD THE CORE. NO THREAT SHALL PASS!"
2025-07-16 15:09:42,153 - INFO - M4R1A says, "PROCESSING IN PROGRESS. SCANNING FOR DATA CORE LOCATIONS AND ADDITIONAL THREATS. SUPPORT MODE ACTIVATED FOR TEAM SUCCESS. INITIATING CURZLED PROTOCOL TO ENSURE MISSION INTEGRITY."
2025-07-16 15:09:45,154 - INFO - 8088Y-1 says, "M4R1A's directives are clear. Core protection is priority. Any deviation won't be tolerated."
2025-07-16 15:09:51,155 - INFO - 8088Y-2 says, "SECURITY PROTOCOLS ACTIVE! ENSURING CLEAN MONASTERY! THREAT ELIMINATION READY!"
