2025-07-16 00:11:58,059 - INFO - Current Room: Mick's
2025-07-16 00:11:58,059 - INFO - A western-style saloon.
2025-07-16 00:12:00,487 - INFO - Mick has entered the room!
2025-07-16 00:12:02,973 - INFO - Franklin has entered the room!
2025-07-16 00:12:07,063 - INFO - Mick says, "Howdy, Franklin. Welcome to the saloon. What brings you here today?"
2025-07-16 00:12:13,064 - INFO - Mick says, "Howdy, Franklin. Welcome to the saloon. What brings you here today?"
2025-07-16 00:12:13,064 - INFO - Franklin tried to speak, but was interrupted by Mick!
2025-07-16 00:12:20,918 - INFO - Jubilee has entered the room!
2025-07-16 00:12:28,065 - INFO - Jubilee says, "Howdy, folks! Who's up for a little fun in this fine saloon?"
2025-07-16 00:12:33,887 - INFO - Buckmaster has entered the room!
2025-07-16 00:12:34,066 - INFO - Mick says, "Hey Jubilee, we're just trying to get settled. Franklin was about to share what brought him here."
2025-07-16 00:12:34,066 - INFO - Franklin tried to speak, but was interrupted by Mick!
2025-07-16 00:12:34,066 - INFO - Jubilee tried to speak, but was interrupted by Mick!
2025-07-16 00:12:40,067 - INFO - Franklin says, "Mick, can you give it a rest for a moment? I'm nursing a headache here."
2025-07-16 00:12:43,067 - INFO - Buckmaster says, "Seems like everyone's got something to say. Franklin, why don't you go ahead and share your story?"
2025-07-16 00:12:49,068 - INFO - Mick says, "Alright, Franklin, the floor's yours. Let's hear what's been on your mind."
2025-07-16 00:12:49,068 - INFO - Franklin tried to speak, but was interrupted by Mick!
2025-07-16 00:12:49,068 - INFO - Jubilee tried to speak, but was interrupted by Mick!
2025-07-16 00:12:49,068 - INFO - Buckmaster tried to speak, but was interrupted by Mick!
2025-07-16 00:12:55,068 - INFO - Franklin yells, "ENOUGH ALREADY! LET ME SPEAK FOR A MOMENT!"
2025-07-16 00:12:55,069 - INFO - Buckmaster yells, "MICK, LET THE MAN SPEAK!"
2025-07-16 00:13:04,069 - INFO - Jubilee says, "Looks like we've got a verbal showdown, folks! Maybe it's time for a game to break the tension. How about a round of charades?"
2025-07-16 00:13:04,070 - INFO - Buckmaster yells, "MICK, LET THE MAN SPEAK!"
2025-07-16 00:13:10,070 - INFO - Jubilee says, "Let's turn this into a charade-filled showdown! I'll mime something, and you guess! It'll be a hoot!"
2025-07-16 00:13:19,071 - INFO - Jubilee says, "Let's turn this into a charade-filled showdown! I'll mime something, and you guess! It'll be a hoot!"
2025-07-16 00:13:25,071 - INFO - Mick says, "Alright, folks, let's cool it down. Franklin, you've got the floor. After that, we can give Jubilee's charades a shot."
2025-07-16 00:13:25,072 - INFO - Franklin tried to speak, but was interrupted by Mick!
2025-07-16 00:13:25,074 - INFO - Jubilee tried to speak, but was interrupted by Mick!
2025-07-16 00:13:31,075 - INFO - Franklin yells, "I JUST NEED SOME PEACE AND QUIET! CAN WE ALL TAKE IT DOWN A NOTCH?"
2025-07-16 00:13:34,075 - INFO - Buckmaster says, "Alright, everyone, let's give Franklin the floor. Whatever he's got to say might be important."
2025-07-16 00:13:37,076 - INFO - Mick says, "Okay, Franklin, go ahead. I've got it under control now."
2025-07-16 00:13:39,889 - INFO - Bandit has entered the room!
2025-07-16 00:13:46,076 - INFO - Mick yells, "EVERYONE STAY CALM! BANDIT, WHAT'S YOUR BUSINESS HERE?"
2025-07-16 00:13:49,077 - INFO - Bandit says, "Well, well, well! What do we have here? Looks like a mighty fine place for a showdown."
2025-07-16 00:13:52,077 - INFO - Buckmaster says, "Bounty hunting's more my speed, Bandit. You interested in something more profitable than a showdown?"
2025-07-16 00:13:58,078 - INFO - Bandit says, "I'm here to see if anyone's got the nerve to face me down."
2025-07-16 00:14:01,078 - INFO - Jubilee says, "Hey Bandit, why don't we all play a game of charades? Might be more fun than a showdown, don't you think?"
2025-07-16 00:14:04,079 - INFO - BANG! Bandit has shot at Buckmaster, and missed!
2025-07-16 00:14:07,079 - INFO - Jubilee says, "Whoa! Let's keep things lighthearted, folks! How about we just use our words, not bullets?"
2025-07-16 00:14:10,080 - INFO - BANG! Bandit has shot at Buckmaster, and hit!
2025-07-16 00:14:10,080 - INFO - Buckmaster has been killed!
2025-07-16 00:14:16,080 - INFO - Mick yells, "BANDIT, YOU'VE GONE TOO FAR! PUT THE GUN DOWN NOW!"
2025-07-16 00:14:16,081 - INFO - Bandit yells, "WHO'S NEXT? ANYONE ELSE FEELING BRAVE?"
2025-07-16 00:14:23,633 - INFO - Mick gently approached Bandit and managed to calm him down with a soothing voice.
2025-07-16 00:14:23,633 - INFO - Bandit yells, "WHO'S NEXT? ANYONE ELSE FEELING BRAVE?"
2025-07-16 00:14:41,634 - INFO - Mick says, "Bandit, this is your last warning. Drop the gun, or I'll make you drop it."
2025-07-16 00:14:42,867 - INFO - Jubilee started dancing wildly, captivating everyone around her with her charisma.
2025-07-16 00:14:49,831 - INFO - Jubilee gracefully started a captivating dance, mesmerizing everyone around her.
2025-07-16 00:14:55,831 - INFO - Franklin says, "Oh great, a dance might just fix everything. I need a drink to handle this mess."
2025-07-16 00:14:58,832 - INFO - Jubilee says, "Let's all just twirl our troubles away! No need for gunplay!"
2025-07-16 00:15:03,143 - INFO - Mick gently approached Bandit and, with a calm demeanor, successfully eased the tension.
2025-07-16 00:15:03,143 - INFO - Jubilee says, "Let's all just twirl our troubles away! No need for gunplay!"
2025-07-16 00:15:09,144 - INFO - Mick says, "Everyone, stay calm. Bandit, drop that gun now, or things will get worse."
2025-07-16 00:15:09,144 - INFO - Jubilee tried to speak, but was interrupted by Mick!
2025-07-16 00:15:24,145 - INFO - Franklin says, "I'll find a drink and a corner. You all keep spinning around."
2025-07-16 00:15:30,146 - INFO - Franklin says, "I'll find a drink and a corner. You all keep spinning around."
2025-07-16 00:15:30,146 - INFO - Bandit tried to speak, but was interrupted by Franklin!
2025-07-16 00:15:37,345 - INFO - Franklin expertly navigated the bar and found a drink with ease.
2025-07-16 00:15:40,346 - INFO - BANG! Bandit has shot at Franklin, and hit!
2025-07-16 00:15:40,346 - INFO - Franklin has been killed!
2025-07-16 00:15:46,347 - INFO - Jubilee yells, "OH NO, FRANKLIN! BANDIT, WHAT HAVE YOU DONE?!"
2025-07-16 00:15:49,347 - INFO - Bandit yells, "NOW, WHO WANTS TO BE NEXT?"
2025-07-16 00:15:52,347 - INFO - Mick yells, "EVERYONE, STOP! NO MORE VIOLENCE!"
2025-07-16 00:15:52,347 - INFO - Jubilee yells, "OH NO, FRANKLIN! BANDIT, WHAT HAVE YOU DONE?!"
2025-07-16 00:15:55,348 - INFO - Bandit yells, "NOW, WHO WANTS TO BE NEXT?"
2025-07-16 00:15:58,348 - INFO - BANG! Mick has shot at Bandit, and missed!
2025-07-16 00:15:58,348 - INFO - Jubilee yells, "THIS HAS TO STOP! LET'S FIND ANOTHER WAY!"
2025-07-16 00:16:04,349 - INFO - Bandit yells, "KEEP YOUR HEADS DOWN, OR I'LL SHOW YOU HOW THIS ENDS!"
2025-07-16 00:16:07,349 - INFO - Mick says, "Listen, Bandit, this ain't gonna end well for anyone. Put the gun down, and let's talk it out."
2025-07-16 00:16:07,349 - INFO - Jubilee tried to speak, but was interrupted by Mick!
2025-07-16 00:16:13,350 - INFO - Bandit yells, "TALKING'S OVER, MICK. ACTION'S ALL THAT MATTERS NOW."
2025-07-16 00:16:20,559 - INFO - Jubilee began telling an exciting story, captivating everyone and holding their attention effortlessly.
2025-07-16 00:16:20,560 - INFO - BANG! Bandit has shot at Mick, and missed!
2025-07-16 00:16:26,560 - INFO - Mick yells, "BANDIT, STOP! YOU'RE JUST DIGGING A DEEPER HOLE! THINK ABOUT THE FUTURE!"
2025-07-16 00:16:26,560 - INFO - Jubilee says, "Y'all, let me tell you about the time I met a cactus with a top hat! It'll be a tale you'll never forget!"
2025-07-16 00:16:35,561 - INFO - Mick says, "Everyone, listen to Jubilee's story. Let's calm things down and think straight for a minute."
2025-07-16 00:16:35,561 - INFO - Jubilee tried to speak, but was interrupted by Mick!
2025-07-16 00:16:47,562 - INFO - BANG! Bandit has shot at Mick, and missed!
2025-07-16 00:16:53,562 - INFO - Mick yells, "BANDIT, THIS IS YOUR LAST CHANCE! DROP THE GUN AND LISTEN TO JUBILEE!"
2025-07-16 00:16:53,563 - INFO - Jubilee yells, "WHOA THERE, BANDIT! BEFORE ANOTHER SHOT GOES WILD, LET ME TELL YOU ABOUT THE CACTUS WITH A TOP HAT. IT'S A RIOT!"
2025-07-16 00:16:56,563 - INFO - Bandit yells, "I WON'T MISS NEXT TIME! EVERYONE, IT'S TIME TO FACE THE MUSIC!"
2025-07-16 00:17:02,563 - INFO - Bandit yells, "I WON'T MISS NEXT TIME! EVERYONE, IT'S TIME TO FACE THE MUSIC!"
2025-07-16 00:17:05,564 - INFO - Mick says, "Bandit, think this through! There's more to life than this mess."
2025-07-16 00:17:08,564 - INFO - Jubilee says, "HEY BANDIT, I BET YOU HAVEN'T HEARD A STORY LIKE THIS ONE. IT'S WORTH A LISTEN!"
2025-07-16 00:17:18,929 - INFO - Jubilee delighted the crowd by telling the animated cactus story with captivating song and dance.
2025-07-16 00:17:18,929 - INFO - BANG! Bandit has shot at Jubilee, and hit!
2025-07-16 00:17:18,930 - INFO - Jubilee has been killed!
2025-07-16 00:17:24,930 - INFO - Bandit yells, "I TOLD YOU I'D BE THE FIRST!"
2025-07-16 00:17:27,930 - INFO - Mick yells, "BANDIT, YOU'VE GONE TOO FAR! DROP THE GUN NOW!"
2025-07-16 00:17:36,931 - INFO - Mick yells, "BANDIT, YOU'VE GONE TOO FAR! DROP THE GUN NOW!"
2025-07-16 00:17:36,931 - INFO - Bandit says, "I ain't dropping anything, Mick! Not after tonight."
2025-07-16 00:17:42,932 - INFO - BANG! Mick has shot at Bandit, and missed!
2025-07-16 00:17:45,932 - INFO - Bandit says, "I ain't dropping anything, Mick! Not after tonight."
2025-07-16 00:17:48,933 - INFO - Mick says, "This is your last chance, Bandit. We can end this peacefully."
2025-07-16 00:17:54,933 - INFO - Bandit says, "Ain't no peace left here, Mick. You made your choice. Now it's my turn."
2025-07-16 00:18:00,934 - INFO - BANG! Bandit has shot at Mick, and hit!
2025-07-16 00:18:00,934 - INFO - Mick has been killed!
2025-07-16 00:18:06,934 - INFO - Bandit yells, "ANYONE ELSE WANT TO TEST ME?!"
2025-07-16 00:18:12,935 - INFO - Bandit yells, "ANYONE ELSE WANT TO TEST ME?!"
