2025-07-16 14:11:33,512 - INFO - Current Room: Mick's
2025-07-16 14:11:33,512 - INFO - A western-style space saloon, right at the edge of the galaxy.
2025-07-16 14:11:54,926 - INFO - Mick has entered the room!
2025-07-16 14:11:59,928 - INFO - Robin has entered the room!
2025-07-16 14:12:03,517 - INFO - Mick says, "Evenin', folks. Let's keep things quiet tonight."
2025-07-16 14:12:06,517 - INFO - Robin says, "Ugh, my head's killing me. Quiet sounds perfect."
2025-07-16 14:12:09,518 - INFO - Mick says, "Grab a seat, Robin. I'll fix you something to help with that headache."
2025-07-16 14:12:15,518 - INFO - Robin says, "I appreciate it, Mick. Every little bit helps."
2025-07-16 14:12:21,519 - INFO - Mick says, "Sit yourself down, Robin. I'll make sure things stay quiet."
2025-07-16 14:12:27,519 - INFO - Robin says, "Thanks, Mick. Just what I need."
2025-07-16 14:12:33,520 - INFO - Mick says, "You've come to the right place, Robin. Need a drink to help with that headache?"
2025-07-16 14:12:39,520 - INFO - Robin says, "Yeah, Mick. I'll take whatever you got that'll help tame this headache."
2025-07-16 14:12:45,521 - INFO - Mick gave a(n) glass of water to Robin
2025-07-16 14:12:51,521 - INFO - Mick gave a(n) glass of water to Robin
2025-07-16 14:12:51,522 - INFO - Robin says, "Thanks, Mick. Let's hope this works."
2025-07-16 14:12:55,929 - INFO - Franklin has entered the room!
2025-07-16 14:12:57,522 - INFO - Mick says, "Take it easy, Robin. Let me know if you need anything else."
2025-07-16 14:13:03,523 - INFO - Mick says, "Welcome, Franklin. Can I get you something?"
2025-07-16 14:13:09,523 - INFO - Robin says, "Thanks, Mick. I'll just sit here quietly and nurse this water."
2025-07-16 14:13:18,524 - INFO - Mick says, "Take your time, Robin. Let me know if you need anything else."
2025-07-16 14:13:24,525 - INFO - Franklin says, "Uh, just some water for me too, Mick. Thanks."
2025-07-16 14:13:27,525 - INFO - Robin says, "Got any painkillers, Mick? This headache's a beast."
2025-07-16 14:13:30,525 - INFO - Mick gave a(n) glass of water to Franklin
2025-07-16 14:13:30,526 - INFO - Franklin says, "Uh, hey Mick, I'll just have some soda, if that's alright."
2025-07-16 14:13:31,930 - INFO - Jim the Outlaw has entered the room!
2025-07-16 14:13:33,526 - INFO - Robin says, "Hey Mick, got any headache pills or something? This pain's a killer."
2025-07-16 14:13:39,526 - INFO - Jim the Outlaw says, "Robin, forget about your headache. We're here for a score, remember?"
2025-07-16 14:13:48,527 - INFO - Robin says, "Jim, if you want a score, you better do it quietly. My head's pounding like a drum over here."
2025-07-16 14:13:51,528 - INFO - Mick says, "Let's keep things calm, Jim. Robin, I'll find those painkillers for you."
2025-07-16 14:13:57,528 - INFO - Jim the Outlaw says, "Calm ain't in my nature, Mick. But maybe I'll be quick and you won't feel a thing, Robin."
2025-07-16 14:14:03,529 - INFO - Mick gave a(n) painkillers to Robin
2025-07-16 14:14:03,529 - INFO - Robin says, "Jim, you're not helping my headache with all this talk of scores and quickness."
2025-07-16 14:14:06,529 - INFO - Jim the Outlaw says, "Robin, keep your voice down and let me worry about the score. You just relax once those painkillers kick in."
2025-07-16 14:14:09,530 - INFO - Robin gave a(n) eye roll to Jim the Outlaw
2025-07-16 14:14:15,530 - INFO - Robin gave a(n) eye roll to Jim the Outlaw
2025-07-16 14:14:15,530 - INFO - Jim the Outlaw says, "Chill, Robin. I'm just about my business here. Everyone stay cool, and this'll all be over soon."
2025-07-16 14:14:21,531 - INFO - Jim the Outlaw says, "Listen up, everyone! This saloon's about to get real interesting."
2025-07-16 14:14:24,531 - INFO - Robin says, "Jim, if your 'interesting' means more noise, count me out. Headache's got me dealing with enough fireworks already."
2025-07-16 14:14:30,532 - INFO - Jim the Outlaw says, "Alright, alright, Robin. I'll be as quiet as a shadow passing through the night, but I'm still getting what I came for."
2025-07-16 14:14:36,532 - INFO - Mick says, "Jim, let's keep things calm and collected here. No need for a ruckus."
2025-07-16 14:14:42,533 - INFO - Jim the Outlaw says, "Don't worry, Mick. But this place might get lively soon. Keep your eyes open."
2025-07-16 14:14:45,533 - INFO - Franklin says, "Uh, Jim, maybe we should all just take it easy and think this through. No need for anyone to get hurt, right?"
2025-07-16 14:14:48,534 - INFO - Mick says, "Jim, let's keep things peaceful here. Everyone in my saloon deserves to feel safe and relaxed. Let's not make this more lively than it needs to be."
2025-07-16 14:14:51,534 - INFO - Jim the Outlaw says, "Don't worry, folks, just looking to make my way without any fuss. Keep things smooth, and we'll be done in no time."
2025-07-16 14:14:54,535 - INFO - Robin says, "Yeah, Jim. I could do without all the excitement. My head's pounding already."
2025-07-16 14:14:57,535 - INFO - Jim the Outlaw says, "Fine, fine. I'll keep it down. But this saloon's got more potential than just peace and quiet, don't you think?"
2025-07-16 14:15:00,536 - INFO - Robin says, "Jim, you say 'smooth,' but your idea of smooth usually feels like a wild bull run. Just keep it down, will ya?"
2025-07-16 14:15:06,536 - INFO - Jim the Outlaw says, "Alright, alright, I'll tone it down. We'll keep it smooth as silk, no bull runs here."
2025-07-16 14:15:09,537 - INFO - Franklin says, "Everyone, let's just keep things calm and maybe I won't have to duck for cover, alright?"
2025-07-16 14:15:15,537 - INFO - Mick says, "Let’s make sure it stays that way, Jim. We can have peace without any fuss."
2025-07-16 14:15:18,537 - INFO - Jim the Outlaw says, "Alright, alright. You folks want it quiet, but I'm just bein' clear. Those who stay outta my way won't have nothin' to worry about."
2025-07-16 14:15:21,538 - INFO - Robin says, "All this talk is giving me a headache. I'm finding a quiet corner away from all this chatter."
2025-07-16 14:15:27,538 - ERROR - Failed to poll connection, returning leave message for actor.
2025-07-16 14:15:27,539 - INFO - Mick says, "Alright folks, let's keep it civil. This is a place for peace as much as a drink. Let's mind Robin's headache and keep things calm."
2025-07-16 14:15:27,539 - INFO - Robin has left the room!
2025-07-16 14:15:30,539 - INFO - Jim the Outlaw says, "Alright, everyone, keep your shirts on. Let's say we play cards or something. Maybe I'll show you my luck's better than my brawn."
2025-07-16 14:15:33,539 - INFO - Mick says, "Alright, let's keep it steady in here. Calm and steady is the way to go."
2025-07-16 14:15:36,540 - INFO - Jim the Outlaw says, "Steady, huh? Let’s see how steady this place stays when things get interesting real quick."
2025-07-16 14:15:42,540 - INFO - Mick says, "Jim, let's keep things steady here. We can have fun without causin' any trouble. How about a friendly game of cards, like you said?"
2025-07-16 14:15:48,541 - INFO - Jim the Outlaw yells, "EVERYONE KEEP YOUR HANDS WHERE I CAN SEE THEM! THIS IS A STICK-UP, AND I AIN'T PLAYIN' NO CARDS!"
2025-07-16 14:15:48,541 - INFO - Franklin says, "I'd feel better if we just kept things calm, Jim. A nice, quiet game of cards sounds good to me."
2025-07-16 14:15:54,542 - INFO - BANG! Jim the Outlaw has shot at Franklin, and missed!
2025-07-16 14:15:54,542 - INFO - Mick says, "Jim, there's no need for trouble in here. We're all just trying to keep things peaceful. Let's put the guns away and maybe I can get you a drink instead."
2025-07-16 14:16:00,542 - INFO - Mick yells, "THAT'S ENOUGH, JIM! NO MORE SHOOTIN' IN MY BAR!"
2025-07-16 14:16:00,543 - INFO - Jim the Outlaw says, "I ain’t here for drinks, Mick! Hand over the cash, and we won’t have any trouble."
2025-07-16 14:16:06,543 - INFO - Franklin says, "Let's all just stay calm. No one wants any more trouble. Please, Jim, let's talk this through."
2025-07-16 14:16:12,544 - INFO - Jim the Outlaw yells, "EMPTY THE CASH DRAWER AND HAND OVER YOUR VALUABLES! THIS IS YOUR LAST WARNING!"
2025-07-16 14:16:12,544 - INFO - Mick says, "Jim, you know the rules. You pull a stunt like this, and you're out for good. Think wisely before going further."
2025-07-16 14:16:15,544 - INFO - Franklin says, "Jim, nobody needs to get hurt here. Let's just take a deep breath and step back from all this, alright?"
2025-07-16 14:16:18,544 - INFO - Mick gave a(n) my trusty bat to Jim the Outlaw
2025-07-16 14:16:18,545 - INFO - Jim the Outlaw yells, "AIN'T NO STEPPIN' BACK! HAND OVER THE CASH OR FACE THE CONSEQUENCES!"
2025-07-16 14:16:24,545 - INFO - Mick says, "Jim, listen to reason. Put the gun down, and we can sort this out without anyone getting hurt."
2025-07-16 14:16:27,546 - INFO - Jim the Outlaw says, "TOO LATE FOR THAT, MICK. THE ONLY SORTING OUT IS YOU HANDING OVER THE GOODS."
2025-07-16 14:16:33,546 - INFO - Mick says, "You got my bat, Jim. Let's use it to sort this out peacefully, not to start somethin' worse."
2025-07-16 14:16:39,547 - INFO - Jim the Outlaw says, "That bat ain't gonna stop me from getting what I came for, Mick. Now quit stalling and fork over the cash!"
2025-07-16 14:16:45,547 - INFO - Mick says, "Alright, Jim. Let's talk. I got something else in mind."
2025-07-16 14:16:48,548 - INFO - Franklin says, "Maybe there's another way out of this, Jim. We don't need to get into any more trouble."
2025-07-16 14:16:51,548 - INFO - Jim the Outlaw says, "You think you've got a better idea, Mick? Spit it out, but I'm losing patience fast."
2025-07-16 14:17:00,549 - INFO - Mick says, "Jim, you've been pushin' too hard. How about a drink and a sit down? There's always a way if you listen."
2025-07-16 14:17:03,549 - INFO - Jim the Outlaw says, "Enough talkin'! This is your last chance before things get messy. The cash, on the table, now!"
2025-07-16 14:17:09,550 - INFO - Mick says, "Jim, I've got something else for you. It's not money, but it might change your mind."
2025-07-16 14:17:15,550 - INFO - Jim the Outlaw says, "You all keep tryin' to calm me down with words and whatnot. But I ain't here for drinks or talk. I'm here for that cash, and I ain't leaving without it."
2025-07-16 14:17:21,551 - INFO - Mick says, "Jim, you're not getting the cash. But if you put down the aggression, we can figure something that works for both of us. You're backing me into a corner, and that's not where you want me."
2025-07-16 14:17:27,551 - INFO - Jim the Outlaw says, "Enough of this talk, Mick! I've made myself clear. It's time to make a decision."
2025-07-16 14:17:33,552 - INFO - Mick says, "Jim, I'm not handing over any cash. We can settle this without violence. Think it over, you're making it hard for yourself."
2025-07-16 14:17:39,552 - INFO - BANG! Jim the Outlaw has shot at Mick, and missed!
2025-07-16 14:17:45,553 - INFO - Mick yells, "EASY, JIM! EVERYONE STAY CALM!"
2025-07-16 14:17:48,553 - INFO - Franklin yells, "WHOA, WHOA! THIS IS GETTING TOO DANGEROUS!"
2025-07-16 14:17:51,554 - INFO - Jim the Outlaw says, "Mick, you better get your act together! I'm not playin' games here. What's this thing you're offerin' if it ain't money?"
2025-07-16 14:17:54,554 - INFO - Franklin says, "Maybe there's something else valuable here, Jim. We don't need to escalate this further."
2025-07-16 14:17:57,554 - INFO - Jim the Outlaw says, "I ain't here to be calmed, Mick. You're gonna give me something worth my while, or this ain't over."
2025-07-16 14:18:00,555 - INFO - Mick says, "Jim, take a breath. There's a shipment in the back, valuable stuff. Could be worth your while. Let's not turn this into a mess."
2025-07-16 14:18:03,555 - INFO - Jim the Outlaw says, "A shipment, huh? Tell me more about it, Mick. What are we talkin'?"
2025-07-16 14:18:06,555 - INFO - Mick says, "Listen, Jim, we got a shipment of rare spirits coming in. Worth more than you could hope to grab today. We work something out, you help deliver it, and you get a cut. No mess, more reward."
2025-07-16 14:18:12,556 - INFO - Jim the Outlaw says, "Alright, Mick. Maybe we can make a deal. Show me this shipment, and we'll see if it's worth my time."
2025-07-16 14:18:21,557 - INFO - Mick says, "It's a delivery of some rare spices from the new colonies. Nothing too huge, but valuable in the right markets. Could be worth your while, Jim."
2025-07-16 14:18:24,557 - INFO - Jim the Outlaw says, "Alright, Mick, I'm listening. Show me this shipment, and we might just have a deal."
2025-07-16 14:18:33,558 - INFO - Mick says, "Alright, Jim, let me show you. It's some rare spices from the outer colonies. Fetch quite a price, but you'll have to promise to keep your guns holstered."
2025-07-16 14:18:42,558 - INFO - Jim the Outlaw says, "Alright, Mick. Show me this shipment. But if it's a trick, it won't end well for you."
2025-07-16 14:18:48,559 - INFO - Mick says, "Alright, Jim, let's step into the back room. I'll show you what's coming in later today. But you gotta promise no more shots fired."
