2025-07-15 23:17:29,727 - INFO - Current Room: Mick's
2025-07-15 23:17:29,728 - INFO - A western-style saloon.
2025-07-15 23:17:31,084 - INFO - Mick has entered the room!
2025-07-15 23:17:32,608 - INFO - George has entered the room!
2025-07-15 23:17:44,732 - INFO - Mick says, "Evenin', George. How's the trail treatin' ya?"
2025-07-15 23:17:44,733 - INFO - George tried to speak, but was interrupted by Mick!
2025-07-15 23:17:48,569 - INFO - Pippin has entered the room!
2025-07-15 23:17:53,733 - INFO - Mick says, "Hey there, Pippin. Get yerself comfortable. Want a drink?"
2025-07-15 23:17:53,734 - INFO - George tried to speak, but was interrupted by Mick!
2025-07-15 23:17:56,734 - INFO - Pippin says, "Howdy folks! What's a fun place like this got brewing today?"
2025-07-15 23:18:02,734 - INFO - George says, "Not much, 'cept this splitting headache."
2025-07-15 23:18:05,592 - INFO - Reckoner has entered the room!
2025-07-15 23:18:05,735 - INFO - Mick says, "Got a fresh batch of ale and some strong whiskey. What'll it be, Pippin?"
2025-07-15 23:18:05,735 - INFO - Pippin tried to speak, but was interrupted by Mick!
2025-07-15 23:18:17,736 - INFO - Pippin says, "I'll take some of that ale, Mick. Maybe it'll help George's headache too!"
2025-07-15 23:18:20,736 - INFO - Reckoner says, "Save the talk for later, Pippin. I want to know if anyone's seen that outlaw around these parts."
2025-07-15 23:18:32,737 - INFO - Mick gave a(n) ale to Pippin
2025-07-15 23:18:35,738 - INFO - Reckoner says, "Save the talk for later, Pippin. I want to know if anyone's seen that outlaw around these parts."
2025-07-15 23:18:41,738 - INFO - George says, "Haven't seen any outlaws, Reckoner, but I'd sure appreciate a whiskey to help this headache."
2025-07-15 23:18:41,738 - INFO - Pippin tried to speak, but was interrupted by George!
2025-07-15 23:18:41,739 - INFO - Reckoner tried to speak, but was interrupted by George!
2025-07-15 23:18:44,739 - INFO - Mick says, "No outlaws here, Reckoner. Just good folks lookin' for a drink. What brings you here?"
2025-07-15 23:18:50,739 - INFO - Pippin says, "Maybe we could turn this search into a little game. Whoever spots the outlaw first gets a prize, eh?"
2025-07-15 23:18:53,740 - INFO - Reckoner says, "I'm after bounties, Mick. Need to keep the peace and make a living. But if you hear anything, you let me know."
2025-07-15 23:18:59,740 - INFO - Mick says, "I'll keep my ears open, Reckoner. As for you, Pippin, how about another ale on the house if you spot that outlaw first?"
2025-07-15 23:19:05,741 - INFO - Pippin says, "Now that's a deal I can't refuse! Keep your eyes peeled, everyone. We might just have a bit of fun with this!"
2025-07-15 23:19:05,741 - INFO - Reckoner tried to speak, but was interrupted by Pippin!
2025-07-15 23:19:18,595 - INFO - Bandit has entered the room!
2025-07-15 23:19:26,743 - INFO - Pippin says, "Well, well, well, looks like our little game just got a bit more interesting! Who's this new face?"
2025-07-15 23:19:29,743 - INFO - Bandit yells, "WHO'S LOOKING FOR TROUBLE IN THIS SALOON?"
2025-07-15 23:19:35,744 - INFO - Reckoner says, "I'm looking for trouble, if you're bringing it. What's your business here?"
2025-07-15 23:19:35,744 - INFO - Bandit yells, "WHO'S LOOKING FOR TROUBLE IN THIS SALOON?"
2025-07-15 23:19:41,744 - INFO - Mick says, "Take it easy, folks. Let's not get hasty here. This is my place, and we don't want no trouble unless you want me to throw you out."
2025-07-15 23:19:47,745 - INFO - Bandit says, "Reckoner, seems your name's written on this bullet, but I'm open to negotiations first. Whatcha say?"
2025-07-15 23:19:50,745 - INFO - George says, "Can we all keep it down? I've got a headache pounding like a drum."
2025-07-15 23:19:50,745 - INFO - Pippin tried to speak, but was interrupted by George!
2025-07-15 23:19:53,746 - INFO - Mick says, "Listen here, Bandit, this ain't the place for threats. We can talk, or you can skedaddle. Your call."
2025-07-15 23:19:59,746 - INFO - Reckoner says, "If you've got my name on a bullet, let's see if a deal can keep it in your pocket. What do you have in mind?"
2025-07-15 23:20:02,747 - INFO - Bandit says, "Alright, Mick. Maybe I'm here for a friendly chat. Reckoner, you hearing me?"
2025-07-15 23:20:05,747 - INFO - Mick says, "Good choice. Reckoner, seems like the Bandit might be open to talking. Let's hear this out before things get messy."
2025-07-15 23:20:05,747 - INFO - Pippin tried to speak, but was interrupted by Mick!
2025-07-15 23:20:11,748 - INFO - Reckoner says, "I'm listening, Bandit. What are you proposing that's worth my time?"
2025-07-15 23:20:11,748 - INFO - Bandit tried to speak, but was interrupted by Reckoner!
2025-07-15 23:20:17,749 - INFO - Pippin says, "Why don't we turn this chatter into a song? It might soothe George's headache and charm the bullets back into their shells!"
2025-07-15 23:20:22,545 - INFO - Mick struggled to find the right notes while attempting to play the piano.
2025-07-15 23:20:33,379 - INFO - Pippin skillfully played a lively tune on the piano, captivating everyone listening.
2025-07-15 23:20:33,379 - INFO - Reckoner says, "A song, huh? Well, I'm more interested in deals and bounties, but music does have a way of calming the storm."
2025-07-15 23:20:34,403 - INFO - Bandit skillfully played an impressive tune on the piano.
2025-07-15 23:20:37,403 - INFO - Mick says, "Let's leave the music to Pippin and stick to the chat for now. Reckoner, Bandit, keep talking."
2025-07-15 23:20:37,404 - INFO - Pippin tried to speak, but was interrupted by Mick!
2025-07-15 23:20:43,404 - INFO - Bandit says, "Reckoner, if we can make a deal, maybe we can both walk away richer. What do you have to offer?"
2025-07-15 23:20:55,405 - INFO - Reckoner says, "That depends, Bandit. What kind of deal are you looking for? My line of work ain't exactly about collaboration, but if the profit makes sense, I'm all ears."
2025-07-15 23:21:01,405 - INFO - Mick says, "Alright, let's hear both sides. Reckoner, Bandit, what's on the table that can end this with everyone happy?"
2025-07-15 23:21:07,406 - INFO - George says, "Maybe if you guys keep it nice and civil, I'll have half a mind to enjoy it. But let's make it quick, eh? My headache's not on vacation here."
2025-07-15 23:21:07,406 - INFO - Reckoner tried to speak, but was interrupted by George!
2025-07-15 23:21:10,407 - INFO - Pippin says, "Why not turn this into a musical negotiation? Imagine the deals and bounties sung sweetly into a harmonious agreement!"
2025-07-15 23:21:13,408 - INFO - BANG! Bandit has shot at Reckoner, and missed!
2025-07-15 23:21:16,408 - INFO - Mick says, "Let's keep it to talking, Pippin. Now Reckoner, Bandit, back to your deal. We need something solid on the table."
2025-07-15 23:21:22,409 - INFO - Bandit says, "Alright, back to the deal then. Reckoner, I'll offer a split of the take—70-30 in my favor, of course. What's your counter?"
2025-07-15 23:21:28,409 - INFO - Mick says, "Reckoner, is there anything you'd counter with? I need to know we're keeping this civil."
2025-07-15 23:21:31,410 - INFO - Reckoner says, "70-30 your way doesn't exactly sound fair, Bandit. How about a 60-40 split in mine? You know I'm the one doing the heavy lifting here."
2025-07-15 23:21:34,410 - INFO - Pippin says, "Oh, a jolly musical, indeed! Perhaps the soundtrack of bargaining would help. Though, I must say, 70-30 is quite the lopsided tune. What say you, Reckoner? Care to harmonize with a different arrangement?"
2025-07-15 23:21:40,411 - INFO - Mick says, "Let's try to keep the music to the background for now, Pippin. We need to focus on the numbers. Bandit, does 60-40 sound like something you can work with?"
2025-07-15 23:21:40,411 - INFO - Reckoner tried to speak, but was interrupted by Mick!
2025-07-15 23:21:43,411 - INFO - Bandit says, "Alright, Reckoner, how about we meet in the middle with a 65-35 split? That should keep us both happy."
2025-07-15 23:21:46,412 - INFO - Pippin says, "Oh, a jolly musical, indeed! Perhaps the soundtrack of bargaining would help. Though, I must say, 70-30 is quite the lopsided tune. What say you, Reckoner? Care to harmonize with a different arrangement?"
2025-07-15 23:21:52,412 - INFO - Mick says, "Alright, let's give this 65-35 a shot. Reckoner, how does that strike you? I'm just trying to find some middle ground here."
2025-07-15 23:21:55,413 - INFO - Reckoner says, "65-35, huh? I'm still doing most of the work, but I'm willing to compromise. Let's seal it at 62-38, and we can call it a deal."
2025-07-15 23:22:04,414 - INFO - George says, "Can we just finalize this? My head's about to explode with all this back and forth."
2025-07-15 23:22:04,414 - INFO - Pippin tried to speak, but was interrupted by George!
2025-07-15 23:22:07,414 - INFO - BANG! Bandit has shot at Reckoner, and hit!
2025-07-15 23:22:07,414 - INFO - Reckoner has been killed!
2025-07-15 23:22:13,415 - INFO - Mick yells, "EVERYONE, STAY CALM! BANDIT, PUT DOWN YOUR WEAPON NOW!"
2025-07-15 23:22:25,416 - INFO - Mick yells, "EVERYONE, STAY CALM! BANDIT, PUT DOWN YOUR WEAPON NOW!"
2025-07-15 23:22:31,417 - INFO - Bandit yells, "I'M NOT DROPPING ANYTHING, MICK! EVERYONE STAY BACK!"
2025-07-15 23:22:40,417 - INFO - Bandit yells, "I'M NOT DROPPING ANYTHING, MICK! EVERYONE STAY BACK!"
2025-07-15 23:22:43,418 - INFO - Mick says, "Bandit, this isn't helping anyone! Let's all just step back and figure this out. You're not in control here."
2025-07-15 23:22:49,418 - INFO - Bandit yells, "I AM IN CONTROL NOW, MICK! AND I'LL PROVE IT!"
2025-07-15 23:22:52,419 - INFO - Pippin says, "Oh dear, seems like things have taken quite the dramatic turn! Perhaps what we need is a little levity to ease the tension? How about a riddle or a game of chance, just to lighten the mood?"
2025-07-15 23:23:01,420 - INFO - Bandit says, "A game of chance, you say, Pippin? That sounds interesting, but let's make sure we're clear who's in charge first."
2025-07-15 23:23:07,420 - INFO - Mick says, "Enough games, Bandit. You've made your point. How about we talk terms instead?"
2025-07-15 23:23:10,420 - INFO - Pippin says, "Absolutely, Bandit! A little game of chance can help settle things. How about a simple coin toss? Heads, you get to call the next move; tails, we pause and talk it out. What do you say?"
2025-07-15 23:23:13,421 - INFO - Bandit says, "Alright, Mick. Let's hear what you've got in mind, but don't try anything funny."
2025-07-15 23:23:16,421 - INFO - George says, "I've got a better idea. How about we all simmer down and let me rest my head? This madness is giving me the worst headache."
2025-07-15 23:23:17,629 - INFO - Pippin confidently flipped the coin into the air and caught it with flair.
2025-07-15 23:23:30,736 - INFO - Pippin flipped the coin with remarkable flair, impressing everyone around.
2025-07-15 23:23:38,109 - INFO - With a flourish, Pippin skillfully flipped the coin, impressing everyone with his flair.
2025-07-15 23:23:47,109 - INFO - Mick says, "Alright, Bandit, how about this—let Pippin's coin decide if we talk or play your game. It'll keep things a bit more civilized."
2025-07-15 23:23:53,110 - INFO - Pippin says, "Looks like Mick's on board! Now, shall we see what lady luck has in store for us?"
2025-07-15 23:23:53,110 - INFO - Bandit tried to speak, but was interrupted by Pippin!
2025-07-15 23:23:59,111 - INFO - George says, "This is all too much noise for me. Just flip the coin and let's be done with it. I've got a raging headache to deal with."
2025-07-15 23:24:02,111 - INFO - Pippin says, "Alright, George, let's see what fate decides! Here goes nothing!"
2025-07-15 23:24:02,111 - INFO - Bandit yells, "ENOUGH GAMES! LET'S SEE WHO'S GOT THE GUTS!"
2025-07-15 23:24:08,112 - INFO - Bandit yells, "ENOUGH GAMES! LET'S SEE WHO'S GOT THE GUTS!"
2025-07-15 23:24:11,112 - INFO - Mick says, "Whoa, calm down, Bandit. We’re all here to keep things peaceful. Let's just see what the coin says and go from there."
2025-07-15 23:24:15,793 - INFO - Pippin flipped the coin in the air with dramatic flair, impressing everyone around.
2025-07-15 23:24:22,642 - INFO - Pippin expertly flipped the coin with flair, impressing everyone around.
2025-07-15 23:24:31,642 - INFO - Pippin says, "Ah, the anticipation! Let's see where our adventure leads us!"
2025-07-15 23:24:37,643 - INFO - BANG! Bandit has shot at Pippin, and hit!
2025-07-15 23:24:37,643 - INFO - Pippin has been killed!
2025-07-15 23:24:40,643 - INFO - Mick yells, "EVERYONE STOP! THIS HAS GONE TOO FAR!"
2025-07-15 23:24:49,644 - INFO - Bandit says, "Too far? This is just the beginning! Who's next?"
2025-07-15 23:24:52,645 - INFO - Mick yells, "EVERYONE STOP! THIS HAS GONE TOO FAR!"
2025-07-15 23:25:04,646 - INFO - Mick yells, "EVERYONE STOP! THIS HAS GONE TOO FAR!"
2025-07-15 23:25:10,646 - INFO - Bandit says, "You're all bark and no bite, Mick. Anyone else want to test their luck?"
2025-07-15 23:25:19,647 - INFO - BANG! Mick has shot at Bandit, and missed!
2025-07-15 23:25:28,648 - INFO - Mick says, "Drop the gun, Bandit! No more killing in my place."
2025-07-15 23:25:28,648 - INFO - BANG! Bandit has shot at Mick, and hit!
2025-07-15 23:25:28,648 - INFO - Mick has been killed!
2025-07-15 23:25:34,648 - INFO - George yells, "THAT'S ENOUGH OF THIS MADNESS! DROP THE GUN, BANDIT!"
2025-07-15 23:25:34,649 - INFO - Bandit yells, "ANYONE ELSE WANT TO PLAY HERO?"
2025-07-15 23:25:46,649 - INFO - BANG! George has shot at Bandit, and hit!
2025-07-15 23:25:46,650 - INFO - Bandit has been killed!
2025-07-15 23:25:58,650 - INFO - George says, "Finally, some peace. Now, maybe my headache will ease up a bit."
2025-07-15 23:26:16,651 - INFO - George says, "Finally, some peace. Now, maybe my headache will ease up a bit."
2025-07-15 23:26:28,652 - ERROR - Failed to poll connection, returning leave message for actor.
2025-07-15 23:26:28,652 - INFO - George has left the room!
